[2023-04-04 23:45:54] local.ERROR: rename(D:\down2030\erpgosaas-39nulled\codecanyon-33263426-erpgo-saas-all-in-one-business-erp-with-project-account-hrm-crm-pos\main_file\bootstrap\cache\pacC804.tmp,D:\down2030\erpgosaas-39nulled\codecanyon-33263426-erpgo-saas-all-in-one-business-erp-with-project-account-hrm-crm-pos\main_file\bootstrap\cache/packages.php): Access is denied (code: 5) {"exception":"[object] (ErrorException(code: 0): rename(D:\\down2030\\erpgosaas-39nulled\\codecanyon-33263426-erpgo-saas-all-in-one-business-erp-with-project-account-hrm-crm-pos\\main_file\\bootstrap\\cache\\pacC804.tmp,D:\\down2030\\erpgosaas-39nulled\\codecanyon-33263426-erpgo-saas-all-in-one-business-erp-with-project-account-hrm-crm-pos\\main_file\\bootstrap\\cache/packages.php): Access is denied (code: 5) at D:\\down2030\\erpgosaas-39nulled\\codecanyon-33263426-erpgo-saas-all-in-one-business-erp-with-project-account-hrm-crm-pos\\main_file\\vendor\\laravel\\framework\\src\\Illuminate\\Filesystem\\Filesystem.php:214)
[stacktrace]
#0 D:\\down2030\\erpgosaas-39nulled\\codecanyon-33263426-erpgo-saas-all-in-one-business-erp-with-project-account-hrm-crm-pos\\main_file\\vendor\\laravel\\framework\\src\\Illuminate\\Foundation\\Bootstrap\\HandleExceptions.php(259): Illuminate\\Foundation\\Bootstrap\\HandleExceptions->handleError(2, 'rename(D:\\\\down2...', 'D:\\\\down2030\\\\erp...', 214)
#1 [internal function]: Illuminate\\Foundation\\Bootstrap\\HandleExceptions->Illuminate\\Foundation\\Bootstrap\\{closure}(2, 'rename(D:\\\\down2...', 'D:\\\\down2030\\\\erp...', 214)
#2 D:\\down2030\\erpgosaas-39nulled\\codecanyon-33263426-erpgo-saas-all-in-one-business-erp-with-project-account-hrm-crm-pos\\main_file\\vendor\\laravel\\framework\\src\\Illuminate\\Filesystem\\Filesystem.php(214): rename('D:\\\\down2030\\\\erp...', 'D:\\\\down2030\\\\erp...')
#3 D:\\down2030\\erpgosaas-39nulled\\codecanyon-33263426-erpgo-saas-all-in-one-business-erp-with-project-account-hrm-crm-pos\\main_file\\vendor\\laravel\\framework\\src\\Illuminate\\Foundation\\PackageManifest.php(182): Illuminate\\Filesystem\\Filesystem->replace('D:\\\\down2030\\\\erp...', '<?php return ar...')
#4 D:\\down2030\\erpgosaas-39nulled\\codecanyon-33263426-erpgo-saas-all-in-one-business-erp-with-project-account-hrm-crm-pos\\main_file\\vendor\\laravel\\framework\\src\\Illuminate\\Foundation\\PackageManifest.php(137): Illuminate\\Foundation\\PackageManifest->write(Array)
#5 D:\\down2030\\erpgosaas-39nulled\\codecanyon-33263426-erpgo-saas-all-in-one-business-erp-with-project-account-hrm-crm-pos\\main_file\\vendor\\laravel\\framework\\src\\Illuminate\\Foundation\\PackageManifest.php(107): Illuminate\\Foundation\\PackageManifest->build()
#6 D:\\down2030\\erpgosaas-39nulled\\codecanyon-33263426-erpgo-saas-all-in-one-business-erp-with-project-account-hrm-crm-pos\\main_file\\vendor\\laravel\\framework\\src\\Illuminate\\Foundation\\PackageManifest.php(90): Illuminate\\Foundation\\PackageManifest->getManifest()
#7 D:\\down2030\\erpgosaas-39nulled\\codecanyon-33263426-erpgo-saas-all-in-one-business-erp-with-project-account-hrm-crm-pos\\main_file\\vendor\\laravel\\framework\\src\\Illuminate\\Foundation\\PackageManifest.php(79): Illuminate\\Foundation\\PackageManifest->config('aliases')
#8 D:\\down2030\\erpgosaas-39nulled\\codecanyon-33263426-erpgo-saas-all-in-one-business-erp-with-project-account-hrm-crm-pos\\main_file\\vendor\\laravel\\framework\\src\\Illuminate\\Foundation\\Bootstrap\\RegisterFacades.php(26): Illuminate\\Foundation\\PackageManifest->aliases()
#9 D:\\down2030\\erpgosaas-39nulled\\codecanyon-33263426-erpgo-saas-all-in-one-business-erp-with-project-account-hrm-crm-pos\\main_file\\vendor\\laravel\\framework\\src\\Illuminate\\Foundation\\Application.php(242): Illuminate\\Foundation\\Bootstrap\\RegisterFacades->bootstrap(Object(Illuminate\\Foundation\\Application))
#10 D:\\down2030\\erpgosaas-39nulled\\codecanyon-33263426-erpgo-saas-all-in-one-business-erp-with-project-account-hrm-crm-pos\\main_file\\vendor\\laravel\\framework\\src\\Illuminate\\Foundation\\Console\\Kernel.php(383): Illuminate\\Foundation\\Application->bootstrapWith(Array)
#11 D:\\down2030\\erpgosaas-39nulled\\codecanyon-33263426-erpgo-saas-all-in-one-business-erp-with-project-account-hrm-crm-pos\\main_file\\vendor\\laravel\\framework\\src\\Illuminate\\Foundation\\Console\\Kernel.php(153): Illuminate\\Foundation\\Console\\Kernel->bootstrap()
#12 Command line code(1): Illuminate\\Foundation\\Console\\Kernel->handle(Object(Symfony\\Component\\Console\\Input\\ArgvInput), Object(Symfony\\Component\\Console\\Output\\ConsoleOutput))
#13 {main}
"} 
[2023-04-04 23:45:54] local.ERROR: rename(D:\down2030\erpgosaas-39nulled\codecanyon-33263426-erpgo-saas-all-in-one-business-erp-with-project-account-hrm-crm-pos\main_file\bootstrap\cache\pacC7FE.tmp,D:\down2030\erpgosaas-39nulled\codecanyon-33263426-erpgo-saas-all-in-one-business-erp-with-project-account-hrm-crm-pos\main_file\bootstrap\cache/packages.php): Access is denied (code: 5) {"exception":"[object] (ErrorException(code: 0): rename(D:\\down2030\\erpgosaas-39nulled\\codecanyon-33263426-erpgo-saas-all-in-one-business-erp-with-project-account-hrm-crm-pos\\main_file\\bootstrap\\cache\\pacC7FE.tmp,D:\\down2030\\erpgosaas-39nulled\\codecanyon-33263426-erpgo-saas-all-in-one-business-erp-with-project-account-hrm-crm-pos\\main_file\\bootstrap\\cache/packages.php): Access is denied (code: 5) at D:\\down2030\\erpgosaas-39nulled\\codecanyon-33263426-erpgo-saas-all-in-one-business-erp-with-project-account-hrm-crm-pos\\main_file\\vendor\\laravel\\framework\\src\\Illuminate\\Filesystem\\Filesystem.php:214)
[stacktrace]
#0 D:\\down2030\\erpgosaas-39nulled\\codecanyon-33263426-erpgo-saas-all-in-one-business-erp-with-project-account-hrm-crm-pos\\main_file\\vendor\\laravel\\framework\\src\\Illuminate\\Foundation\\Bootstrap\\HandleExceptions.php(259): Illuminate\\Foundation\\Bootstrap\\HandleExceptions->handleError(2, 'rename(D:\\\\down2...', 'D:\\\\down2030\\\\erp...', 214)
#1 [internal function]: Illuminate\\Foundation\\Bootstrap\\HandleExceptions->Illuminate\\Foundation\\Bootstrap\\{closure}(2, 'rename(D:\\\\down2...', 'D:\\\\down2030\\\\erp...', 214)
#2 D:\\down2030\\erpgosaas-39nulled\\codecanyon-33263426-erpgo-saas-all-in-one-business-erp-with-project-account-hrm-crm-pos\\main_file\\vendor\\laravel\\framework\\src\\Illuminate\\Filesystem\\Filesystem.php(214): rename('D:\\\\down2030\\\\erp...', 'D:\\\\down2030\\\\erp...')
#3 D:\\down2030\\erpgosaas-39nulled\\codecanyon-33263426-erpgo-saas-all-in-one-business-erp-with-project-account-hrm-crm-pos\\main_file\\vendor\\laravel\\framework\\src\\Illuminate\\Foundation\\PackageManifest.php(182): Illuminate\\Filesystem\\Filesystem->replace('D:\\\\down2030\\\\erp...', '<?php return ar...')
#4 D:\\down2030\\erpgosaas-39nulled\\codecanyon-33263426-erpgo-saas-all-in-one-business-erp-with-project-account-hrm-crm-pos\\main_file\\vendor\\laravel\\framework\\src\\Illuminate\\Foundation\\PackageManifest.php(137): Illuminate\\Foundation\\PackageManifest->write(Array)
#5 D:\\down2030\\erpgosaas-39nulled\\codecanyon-33263426-erpgo-saas-all-in-one-business-erp-with-project-account-hrm-crm-pos\\main_file\\vendor\\laravel\\framework\\src\\Illuminate\\Foundation\\PackageManifest.php(107): Illuminate\\Foundation\\PackageManifest->build()
#6 D:\\down2030\\erpgosaas-39nulled\\codecanyon-33263426-erpgo-saas-all-in-one-business-erp-with-project-account-hrm-crm-pos\\main_file\\vendor\\laravel\\framework\\src\\Illuminate\\Foundation\\PackageManifest.php(90): Illuminate\\Foundation\\PackageManifest->getManifest()
#7 D:\\down2030\\erpgosaas-39nulled\\codecanyon-33263426-erpgo-saas-all-in-one-business-erp-with-project-account-hrm-crm-pos\\main_file\\vendor\\laravel\\framework\\src\\Illuminate\\Foundation\\PackageManifest.php(79): Illuminate\\Foundation\\PackageManifest->config('aliases')
#8 D:\\down2030\\erpgosaas-39nulled\\codecanyon-33263426-erpgo-saas-all-in-one-business-erp-with-project-account-hrm-crm-pos\\main_file\\vendor\\laravel\\framework\\src\\Illuminate\\Foundation\\Bootstrap\\RegisterFacades.php(26): Illuminate\\Foundation\\PackageManifest->aliases()
#9 D:\\down2030\\erpgosaas-39nulled\\codecanyon-33263426-erpgo-saas-all-in-one-business-erp-with-project-account-hrm-crm-pos\\main_file\\vendor\\laravel\\framework\\src\\Illuminate\\Foundation\\Application.php(242): Illuminate\\Foundation\\Bootstrap\\RegisterFacades->bootstrap(Object(Illuminate\\Foundation\\Application))
#10 D:\\down2030\\erpgosaas-39nulled\\codecanyon-33263426-erpgo-saas-all-in-one-business-erp-with-project-account-hrm-crm-pos\\main_file\\vendor\\laravel\\framework\\src\\Illuminate\\Foundation\\Console\\Kernel.php(383): Illuminate\\Foundation\\Application->bootstrapWith(Array)
#11 D:\\down2030\\erpgosaas-39nulled\\codecanyon-33263426-erpgo-saas-all-in-one-business-erp-with-project-account-hrm-crm-pos\\main_file\\vendor\\laravel\\framework\\src\\Illuminate\\Foundation\\Console\\Kernel.php(153): Illuminate\\Foundation\\Console\\Kernel->bootstrap()
#12 Command line code(1): Illuminate\\Foundation\\Console\\Kernel->handle(Object(Symfony\\Component\\Console\\Input\\ArgvInput), Object(Symfony\\Component\\Console\\Output\\ConsoleOutput))
#13 {main}
"} 
34): Illuminate\\Foundation\\Http\\Kernel->sendRequestThroughRouter(Object(Illuminate\\Http\\Request))
#13 C:\\Users\\ramy-\\.vscode\\extensions\\tiansin.vscode-laravel-assist-0.1.7\\assets\\cache\\5tcEQeMn(55): Illuminate\\Foundation\\Http\\Kernel->handle(Object(Illuminate\\Http\\Request))
#14 {main}
"} 
[2023-04-04 23:45:54] local.ERROR: Target class [view] does not exist. {"exception":"[object] (Illuminate\\Contracts\\Container\\BindingResolutionException(code: 0): Target class [view] does not exist. at D:\\down2030\\erpgosaas-39nulled\\codecanyon-33263426-erpgo-saas-all-in-one-business-erp-with-project-account-hrm-crm-pos\\main_file\\vendor\\laravel\\framework\\src\\Illuminate\\Container\\Container.php:877)
[stacktrace]
#0 D:\\down2030\\erpgosaas-39nulled\\codecanyon-33263426-erpgo-saas-all-in-one-business-erp-with-project-account-hrm-crm-pos\\main_file\\vendor\\laravel\\framework\\src\\Illuminate\\Container\\Container.php(756): Illuminate\\Container\\Container->build('view')
#1 D:\\down2030\\erpgosaas-39nulled\\codecanyon-33263426-erpgo-saas-all-in-one-business-erp-with-project-account-hrm-crm-pos\\main_file\\vendor\\laravel\\framework\\src\\Illuminate\\Foundation\\Application.php(860): Illuminate\\Container\\Container->resolve('view', Array, true)
#2 D:\\down2030\\erpgosaas-39nulled\\codecanyon-33263426-erpgo-saas-all-in-one-business-erp-with-project-account-hrm-crm-pos\\main_file\\vendor\\laravel\\framework\\src\\Illuminate\\Container\\Container.php(692): Illuminate\\Foundation\\Application->resolve('view', Array)
#3 D:\\down2030\\erpgosaas-39nulled\\codecanyon-33263426-erpgo-saas-all-in-one-business-erp-with-project-account-hrm-crm-pos\\main_file\\vendor\\laravel\\framework\\src\\Illuminate\\Foundation\\Application.php(845): Illuminate\\Container\\Container->make('view', Array)
#4 D:\\down2030\\erpgosaas-39nulled\\codecanyon-33263426-erpgo-saas-all-in-one-business-erp-with-project-account-hrm-crm-pos\\main_file\\vendor\\laravel\\framework\\src\\Illuminate\\Container\\Container.php(1419): Illuminate\\Foundation\\Application->make('view')
#5 D:\\down2030\\erpgosaas-39nulled\\codecanyon-33263426-erpgo-saas-all-in-one-business-erp-with-project-account-hrm-crm-pos\\main_file\\vendor\\laravel\\framework\\src\\Illuminate\\Support\\Facades\\Facade.php(222): Illuminate\\Container\\Container->offsetGet('view')
#6 D:\\down2030\\erpgosaas-39nulled\\codecanyon-33263426-erpgo-saas-all-in-one-business-erp-with-project-account-hrm-crm-pos\\main_file\\vendor\\laravel\\framework\\src\\Illuminate\\Support\\Facades\\Facade.php(193): Illuminate\\Support\\Facades\\Facade::resolveFacadeInstance('view')
#7 D:\\down2030\\erpgosaas-39nulled\\codecanyon-33263426-erpgo-saas-all-in-one-business-erp-with-project-account-hrm-crm-pos\\main_file\\vendor\\laravel\\framework\\src\\Illuminate\\Support\\Facades\\Facade.php(332): Illuminate\\Support\\Facades\\Facade::getFacadeRoot()
#8 D:\\down2030\\erpgosaas-39nulled\\codecanyon-33263426-erpgo-saas-all-in-one-business-erp-with-project-account-hrm-crm-pos\\main_file\\vendor\\laravel\\framework\\src\\Illuminate\\Foundation\\Exceptions\\RegisterErrorViewPaths.php(18): Illuminate\\Support\\Facades\\Facade::__callStatic('replaceNamespac...', Array)
#9 D:\\down2030\\erpgosaas-39nulled\\codecanyon-33263426-erpgo-saas-all-in-one-business-erp-with-project-account-hrm-crm-pos\\main_file\\vendor\\laravel\\framework\\src\\Illuminate\\Foundation\\Exceptions\\Handler.php(642): Illuminate\\Foundation\\Exceptions\\RegisterErrorViewPaths->__invoke()
#10 D:\\down2030\\erpgosaas-39nulled\\codecanyon-33263426-erpgo-saas-all-in-one-business-erp-with-project-account-hrm-crm-pos\\main_file\\vendor\\laravel\\framework\\src\\Illuminate\\Foundation\\Exceptions\\Handler.php(623): Illuminate\\Foundation\\Exceptions\\Handler->registerErrorViewPaths()
#11 D:\\down2030\\erpgosaas-39nulled\\codecanyon-33263426-erpgo-saas-all-in-one-business-erp-with-project-account-hrm-crm-pos\\main_file\\vendor\\laravel\\framework\\src\\Illuminate\\Foundation\\Exceptions\\Handler.php(554): Illuminate\\Foundation\\Exceptions\\Handler->renderHttpException(Object(Symfony\\Component\\HttpKernel\\Exception\\HttpException))
#12 D:\\down2030\\erpgosaas-39nulled\\codecanyon-33263426-erpgo-saas-all-in-one-business-erp-with-project-account-hrm-crm-pos\\main_file\\vendor\\laravel\\framework\\src\\Illuminate\\Foundation\\Exceptions\\Handler.php(460): Illuminate\\Foundation\\Exceptions\\Handler->prepareResponse(Object(Illuminate\\Http\\Request), Object(Symfony\\Component\\HttpKernel\\Exception\\HttpException))
#13 D:\\down2030\\erpgosaas-39nulled\\codecanyon-33263426-erpgo-saas-all-in-one-business-erp-with-project-account-hrm-crm-pos\\main_file\\vendor\\laravel\\framework\\src\\Illuminate\\Foundation\\Exceptions\\Handler.php(377): Illuminate\\Foundation\\Exceptions\\Handler->renderExceptionResponse(Object(Illuminate\\Http\\Request), Object(ErrorException))
#14 D:\\down2030\\erpgosaas-39nulled\\codecanyon-33263426-erpgo-saas-all-in-one-business-erp-with-project-account-hrm-crm-pos\\main_file\\vendor\\laravel\\framework\\src\\Illuminate\\Foundation\\Http\\Kernel.php(493): Illuminate\\Foundation\\Exceptions\\Handler->render(Object(Illuminate\\Http\\Request), Object(ErrorException))
#15 D:\\down2030\\erpgosaas-39nulled\\codecanyon-33263426-erpgo-saas-all-in-one-business-erp-with-project-account-hrm-crm-pos\\main_file\\vendor\\laravel\\framework\\src\\Illuminate\\Foundation\\Http\\Kernel.php(138): Illuminate\\Foundation\\Http\\Kernel->renderException(Object(Illuminate\\Http\\Request), Object(ErrorException))
#16 C:\\Users\\ramy-\\.vscode\\extensions\\tiansin.vscode-laravel-assist-0.1.7\\assets\\cache\\5tcEQeMn(55): Illuminate\\Foundation\\Http\\Kernel->handle(Object(Illuminate\\Http\\Request))
#17 {main}

[previous exception] [object] (ReflectionException(code: -1): Class \"view\" does not exist at D:\\down2030\\erpgosaas-39nulled\\codecanyon-33263426-erpgo-saas-all-in-one-business-erp-with-project-account-hrm-crm-pos\\main_file\\vendor\\laravel\\framework\\src\\Illuminate\\Container\\Container.php:875)
[stacktrace]
#0 D:\\down2030\\erpgosaas-39nulled\\codecanyon-33263426-erpgo-saas-all-in-one-business-erp-with-project-account-hrm-crm-pos\\main_file\\vendor\\laravel\\framework\\src\\Illuminate\\Container\\Container.php(875): ReflectionClass->__construct('view')
#1 D:\\down2030\\erpgosaas-39nulled\\codecanyon-33263426-erpgo-saas-all-in-one-business-erp-with-project-account-hrm-crm-pos\\main_file\\vendor\\laravel\\framework\\src\\Illuminate\\Container\\Container.php(756): Illuminate\\Container\\Container->build('view')
#2 D:\\down2030\\erpgosaas-39nulled\\codecanyon-33263426-erpgo-saas-all-in-one-business-erp-with-project-account-hrm-crm-pos\\main_file\\vendor\\laravel\\framework\\src\\Illuminate\\Foundation\\Application.php(860): Illuminate\\Container\\Container->resolve('view', Array, true)
#3 D:\\down2030\\erpgosaas-39nulled\\codecanyon-33263426-erpgo-saas-all-in-one-business-erp-with-project-account-hrm-crm-pos\\main_file\\vendor\\laravel\\framework\\src\\Illuminate\\Container\\Container.php(692): Illuminate\\Foundation\\Application->resolve('view', Array)
#4 D:\\down2030\\erpgosaas-39nulled\\codecanyon-33263426-erpgo-saas-all-in-one-business-erp-with-project-account-hrm-crm-pos\\main_file\\vendor\\laravel\\framework\\src\\Illuminate\\Foundation\\Application.php(845): Illuminate\\Container\\Container->make('view', Array)
#5 D:\\down2030\\erpgosaas-39nulled\\codecanyon-33263426-erpgo-saas-all-in-one-business-erp-with-project-account-hrm-crm-pos\\main_file\\vendor\\laravel\\framework\\src\\Illuminate\\Container\\Container.php(1419): Illuminate\\Foundation\\Application->make('view')
#6 D:\\down2030\\erpgosaas-39nulled\\codecanyon-33263426-erpgo-saas-all-in-one-business-erp-with-project-account-hrm-crm-pos\\main_file\\vendor\\laravel\\framework\\src\\Illuminate\\Support\\Facades\\Facade.php(222): Illuminate\\Container\\Container->offsetGet('view')
#7 D:\\down2030\\erpgosaas-39nulled\\codecanyon-33263426-erpgo-saas-all-in-one-business-erp-with-project-account-hrm-crm-pos\\main_file\\vendor\\laravel\\framework\\src\\Illuminate\\Support\\Facades\\Facade.php(193): Illuminate\\Support\\Facades\\Facade::resolveFacadeInstance('view')
#8 D:\\down2030\\erpgosaas-39nulled\\codecanyon-33263426-erpgo-saas-all-in-one-business-erp-with-project-account-hrm-crm-pos\\main_file\\vendor\\laravel\\framework\\src\\Illuminate\\Support\\Facades\\Facade.php(332): Illuminate\\Support\\Facades\\Facade::getFacadeRoot()
#9 D:\\down2030\\erpgosaas-39nulled\\codecanyon-33263426-erpgo-saas-all-in-one-business-erp-with-project-account-hrm-crm-pos\\main_file\\vendor\\laravel\\framework\\src\\Illuminate\\Foundation\\Exceptions\\RegisterErrorViewPaths.php(18): Illuminate\\Support\\Facades\\Facade::__callStatic('replaceNamespac...', Array)
#10 D:\\down2030\\erpgosaas-39nulled\\codecanyon-33263426-erpgo-saas-all-in-one-business-erp-with-project-account-hrm-crm-pos\\main_file\\vendor\\laravel\\framework\\src\\Illuminate\\Foundation\\Exceptions\\Handler.php(642): Illuminate\\Foundation\\Exceptions\\RegisterErrorViewPaths->__invoke()
#11 D:\\down2030\\erpgosaas-39nulled\\codecanyon-33263426-erpgo-saas-all-in-one-business-erp-with-project-account-hrm-crm-pos\\main_file\\vendor\\laravel\\framework\\src\\Illuminate\\Foundation\\Exceptions\\Handler.php(623): Illuminate\\Foundation\\Exceptions\\Handler->registerErrorViewPaths()
#12 D:\\down2030\\erpgosaas-39nulled\\codecanyon-33263426-erpgo-saas-all-in-one-business-erp-with-project-account-hrm-crm-pos\\main_file\\vendor\\laravel\\framework\\src\\Illuminate\\Foundation\\Exceptions\\Handler.php(554): Illuminate\\Foundation\\Exceptions\\Handler->renderHttpException(Object(Symfony\\Component\\HttpKernel\\Exception\\HttpException))
#13 D:\\down2030\\erpgosaas-39nulled\\codecanyon-33263426-erpgo-saas-all-in-one-business-erp-with-project-account-hrm-crm-pos\\main_file\\vendor\\laravel\\framework\\src\\Illuminate\\Foundation\\Exceptions\\Handler.php(460): Illuminate\\Foundation\\Exceptions\\Handler->prepareResponse(Object(Illuminate\\Http\\Request), Object(Symfony\\Component\\HttpKernel\\Exception\\HttpException))
#14 D:\\down2030\\erpgosaas-39nulled\\codecanyon-33263426-erpgo-saas-all-in-one-business-erp-with-project-account-hrm-crm-pos\\main_file\\vendor\\laravel\\framework\\src\\Illuminate\\Foundation\\Exceptions\\Handler.php(377): Illuminate\\Foundation\\Exceptions\\Handler->renderExceptionResponse(Object(Illuminate\\Http\\Request), Object(ErrorException))
#15 D:\\down2030\\erpgosaas-39nulled\\codecanyon-33263426-erpgo-saas-all-in-one-business-erp-with-project-account-hrm-crm-pos\\main_file\\vendor\\laravel\\framework\\src\\Illuminate\\Foundation\\Http\\Kernel.php(493): Illuminate\\Foundation\\Exceptions\\Handler->render(Object(Illuminate\\Http\\Request), Object(ErrorException))
#16 D:\\down2030\\erpgosaas-39nulled\\codecanyon-33263426-erpgo-saas-all-in-one-business-erp-with-project-account-hrm-crm-pos\\main_file\\vendor\\laravel\\framework\\src\\Illuminate\\Foundation\\Http\\Kernel.php(138): Illuminate\\Foundation\\Http\\Kernel->renderException(Object(Illuminate\\Http\\Request), Object(ErrorException))
#17 C:\\Users\\ramy-\\.vscode\\extensions\\tiansin.vscode-laravel-assist-0.1.7\\assets\\cache\\5tcEQeMn(55): Illuminate\\Foundation\\Http\\Kernel->handle(Object(Illuminate\\Http\\Request))
#18 {main}
"} 
[2023-04-04 23:45:55] local.ERROR: Uncaught ReflectionException: Class "blade.compiler" does not exist in D:\down2030\erpgosaas-39nulled\codecanyon-33263426-erpgo-saas-all-in-one-business-erp-with-project-account-hrm-crm-pos\main_file\vendor\laravel\framework\src\Illuminate\Container\Container.php:875
Stack trace:
#0 D:\down2030\erpgosaas-39nulled\codecanyon-33263426-erpgo-saas-all-in-one-business-erp-with-project-account-hrm-crm-pos\main_file\vendor\laravel\framework\src\Illuminate\Container\Container.php(875): ReflectionClass->__construct('blade.compiler')
#1 D:\down2030\erpgosaas-39nulled\codecanyon-33263426-erpgo-saas-all-in-one-business-erp-with-project-account-hrm-crm-pos\main_file\vendor\laravel\framework\src\Illuminate\Container\Container.php(756): Illuminate\Container\Container->build('blade.compiler')
#2 D:\down2030\erpgosaas-39nulled\codecanyon-33263426-erpgo-saas-all-in-one-business-erp-with-project-account-hrm-crm-pos\main_file\vendor\laravel\framework\src\Illuminate\Foundation\Application.php(860): Illuminate\Container\Container->resolve('blade.compiler', Array, true)
#3 D:\down2030\erpgosaas-39nulled\codecanyon-33263426-erpgo-saas-all-in-one-business-erp-with-project-account-hrm-crm-pos\main_file\vendor\laravel\framework\src\Illuminate\Container\Container.php(692): Illuminate\Foundation\Application->resolve('blade.compiler', Array)
#4 D:\down2030\erpgosaas-39nulled\codecanyon-33263426-erpgo-saas-all-in-one-business-erp-with-project-account-hrm-crm-pos\main_file\vendor\laravel\framework\src\Illuminate\Foundation\Application.php(845): Illuminate\Container\Container->make('blade.compiler', Array)
#5 D:\down2030\erpgosaas-39nulled\codecanyon-33263426-erpgo-saas-all-in-one-business-erp-with-project-account-hrm-crm-pos\main_file\vendor\laravel\framework\src\Illuminate\Foundation\helpers.php(120): Illuminate\Foundation\Application->make('blade.compiler', Array)
#6 Command line code(1): app('Illuminate\\View...')
#7 {main}

Next Illuminate\Contracts\Container\BindingResolutionException: Target class [blade.compiler] does not exist. in D:\down2030\erpgosaas-39nulled\codecanyon-33263426-erpgo-saas-all-in-one-business-erp-with-project-account-hrm-crm-pos\main_file\vendor\laravel\framework\src\Illuminate\Container\Container.php:877
Stack trace:
#0 D:\down2030\erpgosaas-39nulled\codecanyon-33263426-erpgo-saas-all-in-one-business-erp-with-project-account-hrm-crm-pos\main_file\vendor\laravel\framework\src\Illuminate\Container\Container.php(756): Illuminate\Container\Container->build('blade.compiler')
#1 D:\down2030\erpgosaas-39nulled\codecanyon-33263426-erpgo-saas-all-in-one-business-erp-with-project-account-hrm-crm-pos\main_file\vendor\laravel\framework\src\Illuminate\Foundation\Application.php(860): Illuminate\Container\Container->resolve('blade.compiler', Array, true)
#2 D:\down2030\erpgosaas-39nulled\codecanyon-33263426-erpgo-saas-all-in-one-business-erp-with-project-account-hrm-crm-pos\main_file\vendor\laravel\framework\src\Illuminate\Container\Container.php(692): Illuminate\Foundation\Application->resolve('blade.compiler', Array)
#3 D:\down2030\erpgosaas-39nulled\codecanyon-33263426-erpgo-saas-all-in-one-business-erp-with-project-account-hrm-crm-pos\main_file\vendor\laravel\framework\src\Illuminate\Foundation\Application.php(845): Illuminate\Container\Container->make('blade.compiler', Array)
#4 D:\down2030\erpgosaas-39nulled\codecanyon-33263426-erpgo-saas-all-in-one-business-erp-with-project-account-hrm-crm-pos\main_file\vendor\laravel\framework\src\Illuminate\Foundation\helpers.php(120): Illuminate\Foundation\Application->make('blade.compiler', Array)
#5 Command line code(1): app('Illuminate\\View...')
#6 {main}
  thrown {"exception":"[object] (Symfony\\Component\\ErrorHandler\\Error\\FatalError(code: 0): Uncaught ReflectionException: Class \"blade.compiler\" does not exist in D:\\down2030\\erpgosaas-39nulled\\codecanyon-33263426-erpgo-saas-all-in-one-business-erp-with-project-account-hrm-crm-pos\\main_file\\vendor\\laravel\\framework\\src\\Illuminate\\Container\\Container.php:875
Stack trace:
#0 D:\\down2030\\erpgosaas-39nulled\\codecanyon-33263426-erpgo-saas-all-in-one-business-erp-with-project-account-hrm-crm-pos\\main_file\\vendor\\laravel\\framework\\src\\Illuminate\\Container\\Container.php(875): ReflectionClass->__construct('blade.compiler')
#1 D:\\down2030\\erpgosaas-39nulled\\codecanyon-33263426-erpgo-saas-all-in-one-business-erp-with-project-account-hrm-crm-pos\\main_file\\vendor\\laravel\\framework\\src\\Illuminate\\Container\\Container.php(756): Illuminate\\Container\\Container->build('blade.compiler')
#2 D:\\down2030\\erpgosaas-39nulled\\codecanyon-33263426-erpgo-saas-all-in-one-business-erp-with-project-account-hrm-crm-pos\\main_file\\vendor\\laravel\\framework\\src\\Illuminate\\Foundation\\Application.php(860): Illuminate\\Container\\Container->resolve('blade.compiler', Array, true)
#3 D:\\down2030\\erpgosaas-39nulled\\codecanyon-33263426-erpgo-saas-all-in-one-business-erp-with-project-account-hrm-crm-pos\\main_file\\vendor\\laravel\\framework\\src\\Illuminate\\Container\\Container.php(692): Illuminate\\Foundation\\Application->resolve('blade.compiler', Array)
#4 D:\\down2030\\erpgosaas-39nulled\\codecanyon-33263426-erpgo-saas-all-in-one-business-erp-with-project-account-hrm-crm-pos\\main_file\\vendor\\laravel\\framework\\src\\Illuminate\\Foundation\\Application.php(845): Illuminate\\Container\\Container->make('blade.compiler', Array)
#5 D:\\down2030\\erpgosaas-39nulled\\codecanyon-33263426-erpgo-saas-all-in-one-business-erp-with-project-account-hrm-crm-pos\\main_file\\vendor\\laravel\\framework\\src\\Illuminate\\Foundation\\helpers.php(120): Illuminate\\Foundation\\Application->make('blade.compiler', Array)
#6 Command line code(1): app('Illuminate\\\\View...')
#7 {main}

Next Illuminate\\Contracts\\Container\\BindingResolutionException: Target class [blade.compiler] does not exist. in D:\\down2030\\erpgosaas-39nulled\\codecanyon-33263426-erpgo-saas-all-in-one-business-erp-with-project-account-hrm-crm-pos\\main_file\\vendor\\laravel\\framework\\src\\Illuminate\\Container\\Container.php:877
Stack trace:
#0 D:\\down2030\\erpgosaas-39nulled\\codecanyon-33263426-erpgo-saas-all-in-one-business-erp-with-project-account-hrm-crm-pos\\main_file\\vendor\\laravel\\framework\\src\\Illuminate\\Container\\Container.php(756): Illuminate\\Container\\Container->build('blade.compiler')
#1 D:\\down2030\\erpgosaas-39nulled\\codecanyon-33263426-erpgo-saas-all-in-one-business-erp-with-project-account-hrm-crm-pos\\main_file\\vendor\\laravel\\framework\\src\\Illuminate\\Foundation\\Application.php(860): Illuminate\\Container\\Container->resolve('blade.compiler', Array, true)
#2 D:\\down2030\\erpgosaas-39nulled\\codecanyon-33263426-erpgo-saas-all-in-one-business-erp-with-project-account-hrm-crm-pos\\main_file\\vendor\\laravel\\framework\\src\\Illuminate\\Container\\Container.php(692): Illuminate\\Foundation\\Application->resolve('blade.compiler', Array)
#3 D:\\down2030\\erpgosaas-39nulled\\codecanyon-33263426-erpgo-saas-all-in-one-business-erp-with-project-account-hrm-crm-pos\\main_file\\vendor\\laravel\\framework\\src\\Illuminate\\Foundation\\Application.php(845): Illuminate\\Container\\Container->make('blade.compiler', Array)
#4 D:\\down2030\\erpgosaas-39nulled\\codecanyon-33263426-erpgo-saas-all-in-one-business-erp-with-project-account-hrm-crm-pos\\main_file\\vendor\\laravel\\framework\\src\\Illuminate\\Foundation\\helpers.php(120): Illuminate\\Foundation\\Application->make('blade.compiler', Array)
#5 Command line code(1): app('Illuminate\\\\View...')
#6 {main}
  thrown at D:\\down2030\\erpgosaas-39nulled\\codecanyon-33263426-erpgo-saas-all-in-one-business-erp-with-project-account-hrm-crm-pos\\main_file\\vendor\\laravel\\framework\\src\\Illuminate\\Container\\Container.php:877)
[stacktrace]
#0 {main}
"} 
[2023-04-04 23:45:55] local.ERROR: Uncaught ReflectionException: Class "translator" does not exist in D:\down2030\erpgosaas-39nulled\codecanyon-33263426-erpgo-saas-all-in-one-business-erp-with-project-account-hrm-crm-pos\main_file\vendor\laravel\framework\src\Illuminate\Container\Container.php:875
Stack trace:
#0 D:\down2030\erpgosaas-39nulled\codecanyon-33263426-erpgo-saas-all-in-one-business-erp-with-project-account-hrm-crm-pos\main_file\vendor\laravel\framework\src\Illuminate\Container\Container.php(875): ReflectionClass->__construct('translator')
#1 D:\down2030\erpgosaas-39nulled\codecanyon-33263426-erpgo-saas-all-in-one-business-erp-with-project-account-hrm-crm-pos\main_file\vendor\laravel\framework\src\Illuminate\Container\Container.php(756): Illuminate\Container\Container->build('translator')
#2 D:\down2030\erpgosaas-39nulled\codecanyon-33263426-erpgo-saas-all-in-one-business-erp-with-project-account-hrm-crm-pos\main_file\vendor\laravel\framework\src\Illuminate\Foundation\Application.php(860): Illuminate\Container\Container->resolve('translator', Array, true)
#3 D:\down2030\erpgosaas-39nulled\codecanyon-33263426-erpgo-saas-all-in-one-business-erp-with-project-account-hrm-crm-pos\main_file\vendor\laravel\framework\src\Illuminate\Container\Container.php(692): Illuminate\Foundation\Application->resolve('translator', Array)
#4 D:\down2030\erpgosaas-39nulled\codecanyon-33263426-erpgo-saas-all-in-one-business-erp-with-project-account-hrm-crm-pos\main_file\vendor\laravel\framework\src\Illuminate\Foundation\Application.php(845): Illuminate\Container\Container->make('translator', Array)
#5 D:\down2030\erpgosaas-39nulled\codecanyon-33263426-erpgo-saas-all-in-one-business-erp-with-project-account-hrm-crm-pos\main_file\vendor\laravel\framework\src\Illuminate\Foundation\helpers.php(120): Illuminate\Foundation\Application->make('translator', Array)
#6 Command line code(1): app('translator')
#7 {main}

Next Illuminate\Contracts\Container\BindingResolutionException: Target class [translator] does not exist. in D:\down2030\erpgosaas-39nulled\codecanyon-33263426-erpgo-saas-all-in-one-business-erp-with-project-account-hrm-crm-pos\main_file\vendor\laravel\framework\src\Illuminate\Container\Container.php:877
Stack trace:
#0 D:\down2030\erpgosaas-39nulled\codecanyon-33263426-erpgo-saas-all-in-one-business-erp-with-project-account-hrm-crm-pos\main_file\vendor\laravel\framework\src\Illuminate\Container\Container.php(756): Illuminate\Container\Container->build('translator')
#1 D:\down2030\erpgosaas-39nulled\codecanyon-33263426-erpgo-saas-all-in-one-business-erp-with-project-account-hrm-crm-pos\main_file\vendor\laravel\framework\src\Illuminate\Foundation\Application.php(860): Illuminate\Container\Container->resolve('translator', Array, true)
#2 D:\down2030\erpgosaas-39nulled\codecanyon-33263426-erpgo-saas-all-in-one-business-erp-with-project-account-hrm-crm-pos\main_file\vendor\laravel\framework\src\Illuminate\Container\Container.php(692): Illuminate\Foundation\Application->resolve('translator', Array)
#3 D:\down2030\erpgosaas-39nulled\codecanyon-33263426-erpgo-saas-all-in-one-business-erp-with-project-account-hrm-crm-pos\main_file\vendor\laravel\framework\src\Illuminate\Foundation\Application.php(845): Illuminate\Container\Container->make('translator', Array)
#4 D:\down2030\erpgosaas-39nulled\codecanyon-33263426-erpgo-saas-all-in-one-business-erp-with-project-account-hrm-crm-pos\main_file\vendor\laravel\framework\src\Illuminate\Foundation\helpers.php(120): Illuminate\Foundation\Application->make('translator', Array)
#5 Command line code(1): app('translator')
#6 {main}
  thrown {"exception":"[object] (Symfony\\Component\\ErrorHandler\\Error\\FatalError(code: 0): Uncaught ReflectionException: Class \"translator\" does not exist in D:\\down2030\\erpgosaas-39nulled\\codecanyon-33263426-erpgo-saas-all-in-one-business-erp-with-project-account-hrm-crm-pos\\main_file\\vendor\\laravel\\framework\\src\\Illuminate\\Container\\Container.php:875
Stack trace:
#0 D:\\down2030\\erpgosaas-39nulled\\codecanyon-33263426-erpgo-saas-all-in-one-business-erp-with-project-account-hrm-crm-pos\\main_file\\vendor\\laravel\\framework\\src\\Illuminate\\Container\\Container.php(875): ReflectionClass->__construct('translator')
#1 D:\\down2030\\erpgosaas-39nulled\\codecanyon-33263426-erpgo-saas-all-in-one-business-erp-with-project-account-hrm-crm-pos\\main_file\\vendor\\laravel\\framework\\src\\Illuminate\\Container\\Container.php(756): Illuminate\\Container\\Container->build('translator')
#2 D:\\down2030\\erpgosaas-39nulled\\codecanyon-33263426-erpgo-saas-all-in-one-business-erp-with-project-account-hrm-crm-pos\\main_file\\vendor\\laravel\\framework\\src\\Illuminate\\Foundation\\Application.php(860): Illuminate\\Container\\Container->resolve('translator', Array, true)
#3 D:\\down2030\\erpgosaas-39nulled\\codecanyon-33263426-erpgo-saas-all-in-one-business-erp-with-project-account-hrm-crm-pos\\main_file\\vendor\\laravel\\framework\\src\\Illuminate\\Container\\Container.php(692): Illuminate\\Foundation\\Application->resolve('translator', Array)
#4 D:\\down2030\\erpgosaas-39nulled\\codecanyon-33263426-erpgo-saas-all-in-one-business-erp-with-project-account-hrm-crm-pos\\main_file\\vendor\\laravel\\framework\\src\\Illuminate\\Foundation\\Application.php(845): Illuminate\\Container\\Container->make('translator', Array)
#5 D:\\down2030\\erpgosaas-39nulled\\codecanyon-33263426-erpgo-saas-all-in-one-business-erp-with-project-account-hrm-crm-pos\\main_file\\vendor\\laravel\\framework\\src\\Illuminate\\Foundation\\helpers.php(120): Illuminate\\Foundation\\Application->make('translator', Array)
#6 Command line code(1): app('translator')
#7 {main}

Next Illuminate\\Contracts\\Container\\BindingResolutionException: Target class [translator] does not exist. in D:\\down2030\\erpgosaas-39nulled\\codecanyon-33263426-erpgo-saas-all-in-one-business-erp-with-project-account-hrm-crm-pos\\main_file\\vendor\\laravel\\framework\\src\\Illuminate\\Container\\Container.php:877
Stack trace:
#0 D:\\down2030\\erpgosaas-39nulled\\codecanyon-33263426-erpgo-saas-all-in-one-business-erp-with-project-account-hrm-crm-pos\\main_file\\vendor\\laravel\\framework\\src\\Illuminate\\Container\\Container.php(756): Illuminate\\Container\\Container->build('translator')
#1 D:\\down2030\\erpgosaas-39nulled\\codecanyon-33263426-erpgo-saas-all-in-one-business-erp-with-project-account-hrm-crm-pos\\main_file\\vendor\\laravel\\framework\\src\\Illuminate\\Foundation\\Application.php(860): Illuminate\\Container\\Container->resolve('translator', Array, true)
#2 D:\\down2030\\erpgosaas-39nulled\\codecanyon-33263426-erpgo-saas-all-in-one-business-erp-with-project-account-hrm-crm-pos\\main_file\\vendor\\laravel\\framework\\src\\Illuminate\\Container\\Container.php(692): Illuminate\\Foundation\\Application->resolve('translator', Array)
#3 D:\\down2030\\erpgosaas-39nulled\\codecanyon-33263426-erpgo-saas-all-in-one-business-erp-with-project-account-hrm-crm-pos\\main_file\\vendor\\laravel\\framework\\src\\Illuminate\\Foundation\\Application.php(845): Illuminate\\Container\\Container->make('translator', Array)
#4 D:\\down2030\\erpgosaas-39nulled\\codecanyon-33263426-erpgo-saas-all-in-one-business-erp-with-project-account-hrm-crm-pos\\main_file\\vendor\\laravel\\framework\\src\\Illuminate\\Foundation\\helpers.php(120): Illuminate\\Foundation\\Application->make('translator', Array)
#5 Command line code(1): app('translator')
#6 {main}
  thrown at D:\\down2030\\erpgosaas-39nulled\\codecanyon-33263426-erpgo-saas-all-in-one-business-erp-with-project-account-hrm-crm-pos\\main_file\\vendor\\laravel\\framework\\src\\Illuminate\\Container\\Container.php:877)
[stacktrace]
#0 {main}
"} 
[2023-04-04 23:45:55] local.ERROR: Uncaught Illuminate\Contracts\Container\BindingResolutionException: Target [Illuminate\Contracts\Auth\Access\Gate] is not instantiable. in D:\down2030\erpgosaas-39nulled\codecanyon-33263426-erpgo-saas-all-in-one-business-erp-with-project-account-hrm-crm-pos\main_file\vendor\laravel\framework\src\Illuminate\Container\Container.php:1091
Stack trace:
#0 D:\down2030\erpgosaas-39nulled\codecanyon-33263426-erpgo-saas-all-in-one-business-erp-with-project-account-hrm-crm-pos\main_file\vendor\laravel\framework\src\Illuminate\Container\Container.php(884): Illuminate\Container\Container->notInstantiable('Illuminate\\Cont...')
#1 D:\down2030\erpgosaas-39nulled\codecanyon-33263426-erpgo-saas-all-in-one-business-erp-with-project-account-hrm-crm-pos\main_file\vendor\laravel\framework\src\Illuminate\Container\Container.php(756): Illuminate\Container\Container->build('Illuminate\\Cont...')
#2 D:\down2030\erpgosaas-39nulled\codecanyon-33263426-erpgo-saas-all-in-one-business-erp-with-project-account-hrm-crm-pos\main_file\vendor\laravel\framework\src\Illuminate\Foundation\Application.php(860): Illuminate\Container\Container->resolve('Illuminate\\Cont...', Array, true)
#3 D:\down2030\erpgosaas-39nulled\codecanyon-33263426-erpgo-saas-all-in-one-business-erp-with-project-account-hrm-crm-pos\main_file\vendor\laravel\framework\src\Illuminate\Container\Container.php(692): Illuminate\Foundation\Application->resolve('Illuminate\\Cont...', Array)
#4 D:\down2030\erpgosaas-39nulled\codecanyon-33263426-erpgo-saas-all-in-one-business-erp-with-project-account-hrm-crm-pos\main_file\vendor\laravel\framework\src\Illuminate\Foundation\Application.php(845): Illuminate\Container\Container->make('Illuminate\\Cont...', Array)
#5 D:\down2030\erpgosaas-39nulled\codecanyon-33263426-erpgo-saas-all-in-one-business-erp-with-project-account-hrm-crm-pos\main_file\vendor\laravel\framework\src\Illuminate\Container\Container.php(1419): Illuminate\Foundation\Application->make('Illuminate\\Cont...')
#6 D:\down2030\erpgosaas-39nulled\codecanyon-33263426-erpgo-saas-all-in-one-business-erp-with-project-account-hrm-crm-pos\main_file\vendor\laravel\framework\src\Illuminate\Support\Facades\Facade.php(222): Illuminate\Container\Container->offsetGet('Illuminate\\Cont...')
#7 D:\down2030\erpgosaas-39nulled\codecanyon-33263426-erpgo-saas-all-in-one-business-erp-with-project-account-hrm-crm-pos\main_file\vendor\laravel\framework\src\Illuminate\Support\Facades\Facade.php(193): Illuminate\Support\Facades\Facade::resolveFacadeInstance('Illuminate\\Cont...')
#8 D:\down2030\erpgosaas-39nulled\codecanyon-33263426-erpgo-saas-all-in-one-business-erp-with-project-account-hrm-crm-pos\main_file\vendor\laravel\framework\src\Illuminate\Support\Facades\Facade.php(332): Illuminate\Support\Facades\Facade::getFacadeRoot()
#9 Command line code(1): Illuminate\Support\Facades\Facade::__callStatic('abilities', Array)
#10 {main}
  thrown {"exception":"[object] (Symfony\\Component\\ErrorHandler\\Error\\FatalError(code: 0): Uncaught Illuminate\\Contracts\\Container\\BindingResolutionException: Target [Illuminate\\Contracts\\Auth\\Access\\Gate] is not instantiable. in D:\\down2030\\erpgosaas-39nulled\\codecanyon-33263426-erpgo-saas-all-in-one-business-erp-with-project-account-hrm-crm-pos\\main_file\\vendor\\laravel\\framework\\src\\Illuminate\\Container\\Container.php:1091
Stack trace:
#0 D:\\down2030\\erpgosaas-39nulled\\codecanyon-33263426-erpgo-saas-all-in-one-business-erp-with-project-account-hrm-crm-pos\\main_file\\vendor\\laravel\\framework\\src\\Illuminate\\Container\\Container.php(884): Illuminate\\Container\\Container->notInstantiable('Illuminate\\\\Cont...')
#1 D:\\down2030\\erpgosaas-39nulled\\codecanyon-33263426-erpgo-saas-all-in-one-business-erp-with-project-account-hrm-crm-pos\\main_file\\vendor\\laravel\\framework\\src\\Illuminate\\Container\\Container.php(756): Illuminate\\Container\\Container->build('Illuminate\\\\Cont...')
#2 D:\\down2030\\erpgosaas-39nulled\\codecanyon-33263426-erpgo-saas-all-in-one-business-erp-with-project-account-hrm-crm-pos\\main_file\\vendor\\laravel\\framework\\src\\Illuminate\\Foundation\\Application.php(860): Illuminate\\Container\\Container->resolve('Illuminate\\\\Cont...', Array, true)
#3 D:\\down2030\\erpgosaas-39nulled\\codecanyon-33263426-erpgo-saas-all-in-one-business-erp-with-project-account-hrm-crm-pos\\main_file\\vendor\\laravel\\framework\\src\\Illuminate\\Container\\Container.php(692): Illuminate\\Foundation\\Application->resolve('Illuminate\\\\Cont...', Array)
#4 D:\\down2030\\erpgosaas-39nulled\\codecanyon-33263426-erpgo-saas-all-in-one-business-erp-with-project-account-hrm-crm-pos\\main_file\\vendor\\laravel\\framework\\src\\Illuminate\\Foundation\\Application.php(845): Illuminate\\Container\\Container->make('Illuminate\\\\Cont...', Array)
#5 D:\\down2030\\erpgosaas-39nulled\\codecanyon-33263426-erpgo-saas-all-in-one-business-erp-with-project-account-hrm-crm-pos\\main_file\\vendor\\laravel\\framework\\src\\Illuminate\\Container\\Container.php(1419): Illuminate\\Foundation\\Application->make('Illuminate\\\\Cont...')
#6 D:\\down2030\\erpgosaas-39nulled\\codecanyon-33263426-erpgo-saas-all-in-one-business-erp-with-project-account-hrm-crm-pos\\main_file\\vendor\\laravel\\framework\\src\\Illuminate\\Support\\Facades\\Facade.php(222): Illuminate\\Container\\Container->offsetGet('Illuminate\\\\Cont...')
#7 D:\\down2030\\erpgosaas-39nulled\\codecanyon-33263426-erpgo-saas-all-in-one-business-erp-with-project-account-hrm-crm-pos\\main_file\\vendor\\laravel\\framework\\src\\Illuminate\\Support\\Facades\\Facade.php(193): Illuminate\\Support\\Facades\\Facade::resolveFacadeInstance('Illuminate\\\\Cont...')
#8 D:\\down2030\\erpgosaas-39nulled\\codecanyon-33263426-erpgo-saas-all-in-one-business-erp-with-project-account-hrm-crm-pos\\main_file\\vendor\\laravel\\framework\\src\\Illuminate\\Support\\Facades\\Facade.php(332): Illuminate\\Support\\Facades\\Facade::getFacadeRoot()
#9 Command line code(1): Illuminate\\Support\\Facades\\Facade::__callStatic('abilities', Array)
#10 {main}
  thrown at D:\\down2030\\erpgosaas-39nulled\\codecanyon-33263426-erpgo-saas-all-in-one-business-erp-with-project-account-hrm-crm-pos\\main_file\\vendor\\laravel\\framework\\src\\Illuminate\\Container\\Container.php:1091)
[stacktrace]
#0 {main}
"} 
